<?xml version="1.0" encoding="utf-8"?><testsuites><testsuite errors="0" failures="0" hostname="DESKTOP-E1J74NT" name="pytest" skipped="0" tests="3" time="0.023" timestamp="2020-10-14T12:00:02.704579"><testcase classname="Werewolf.WP.test.test_WP" file="Werewolf\WP\test\test_WP.py" line="3" name="test_packet1" time="0.001"><system-out>--------------------------------- Captured Log ---------------------------------

--------------------------------- Captured Out ---------------------------------

</system-out><system-err>--------------------------------- Captured Err ---------------------------------

</system-err></testcase><testcase classname="Werewolf.WP.test.test_WP" file="Werewolf\WP\test\test_WP.py" line="16" name="test_packet1Resp" time="0.001"><system-out>--------------------------------- Captured Log ---------------------------------

--------------------------------- Captured Out ---------------------------------

</system-out><system-err>--------------------------------- Captured Err ---------------------------------

</system-err></testcase><testcase classname="Werewolf.WP.test.test_WP" file="Werewolf\WP\test\test_WP.py" line="31" name="test_packet2" time="0.001"><system-out>--------------------------------- Captured Log ---------------------------------

--------------------------------- Captured Out ---------------------------------

</system-out><system-err>--------------------------------- Captured Err ---------------------------------

</system-err></testcase></testsuite></testsuites>